<?xml version="1.0" encoding="UTF-8"?>
<testsuite name="com.fullbay.ath.endpointlambda.LambdaHandlerTest" tests="1" skipped="0" failures="0" errors="0" timestamp="2025-02-12T17:19:40" hostname="0270---Steve-Rhoton-MacBook-Pro-16.local" time="0.243">
  <properties/>
  <testcase name="testSimpleLambdaSuccess()" classname="com.fullbay.ath.endpointlambda.LambdaHandlerTest" time="0.243"/>
  <system-out><![CDATA[2025-02-12 12:19:40,126 WARN  [io.net.res.dns.DnsServerAddressStreamProviders] (build-29) Can not find io.netty.resolver.dns.macos.MacOSDnsServerAddressStreamProvider in the classpath, fallback to system defaults. This may result in incorrect DNS resolutions on MacOS. Check whether you have a dependency on 'io.netty:netty-resolver-dns-native-macos'
2025-02-12 12:19:40,165 INFO  [io.qua.ama.lam.run.MockEventServer] (build-29) Mock Lambda Event Server Started
2025-02-12 12:19:40,424 INFO  [io.qua.ama.lam.run.AbstractLambdaPollLoop] (Lambda Thread (TEST)) Listening on: http://localhost:8081/_lambda_/2018-06-01/runtime/invocation/next
2025-02-12 12:19:40,428 INFO  [io.quarkus] (Test worker) com.fullbay.ath.endpointlambda 1.0-SNAPSHOT on JVM (powered by Quarkus 3.18.2) started in 0.517s. 
2025-02-12 12:19:40,429 INFO  [io.quarkus] (Test worker) Profile test activated. 
2025-02-12 12:19:40,429 INFO  [io.quarkus] (Test worker) Installed features: [amazon-lambda, cdi]
]]></system-out>
  <system-err><![CDATA[]]></system-err>
</testsuite>
